{
  "stats": {
    "suites": 1,
    "tests": 2,
    "passes": 2,
    "pending": 0,
    "failures": 0,
    "start": "2025-01-04T07:46:54.894Z",
    "end": "2025-01-04T07:47:04.012Z",
    "duration": 9118,
    "testsRegistered": 2,
    "passPercent": 100,
    "pendingPercent": 0,
    "other": 0,
    "hasOther": false,
    "skipped": 0,
    "hasSkipped": false
  },
  "results": [
    {
      "uuid": "83cbf5e2-c983-40d6-9970-49ba58bdd757",
      "title": "",
      "fullFile": "cypress\\e2e\\login.cy.js",
      "file": "cypress\\e2e\\login.cy.js",
      "beforeHooks": [],
      "afterHooks": [],
      "tests": [],
      "suites": [
        {
          "uuid": "5673d0c5-7ca6-45bf-9959-22e1d51a32a3",
          "title": "Folkatech Login Test",
          "fullFile": "",
          "file": "",
          "beforeHooks": [],
          "afterHooks": [],
          "tests": [
            {
              "title": "1. Login with Valid Credential",
              "fullTitle": "Folkatech Login Test 1. Login with Valid Credential",
              "timedOut": null,
              "duration": 5327,
              "state": "passed",
              "speed": "medium",
              "pass": true,
              "fail": false,
              "pending": false,
              "context": null,
              "code": "cy.get('input[type=\"email\"]').type('admin@example.com');\ncy.get('input[type=\"password\"]').type('password');\ncy.get('button[type=\"submit\"]').click();\ncy.contains('Dashboard').should('be.visible');\n// Ambil screenshot setelah login berhasil\ncy.screenshot('login-valid');",
              "err": {},
              "uuid": "adec2740-f6a5-4709-a21c-78ea89c5ac30",
              "parentUUID": "5673d0c5-7ca6-45bf-9959-22e1d51a32a3",
              "isHook": false,
              "skipped": false
            },
            {
              "title": "2. Login with Invalid Credential",
              "fullTitle": "Folkatech Login Test 2. Login with Invalid Credential",
              "timedOut": null,
              "duration": 2030,
              "state": "passed",
              "speed": "fast",
              "pass": true,
              "fail": false,
              "pending": false,
              "context": null,
              "code": "cy.get('input[type=\"email\"]').type('admin123@example.com');\ncy.get('input[type=\"password\"]').type('password123');\ncy.get('button[type=\"submit\"]').click();\ncy.contains('Login Gagal! Akun tidak ada.').should('be.visible');\n// Ambil screenshot gagal login \ncy.screenshot('error-login-invalid');",
              "err": {},
              "uuid": "6257ef9c-838e-4014-b215-c045b62e49c9",
              "parentUUID": "5673d0c5-7ca6-45bf-9959-22e1d51a32a3",
              "isHook": false,
              "skipped": false
            }
          ],
          "suites": [],
          "passes": [
            "adec2740-f6a5-4709-a21c-78ea89c5ac30",
            "6257ef9c-838e-4014-b215-c045b62e49c9"
          ],
          "failures": [],
          "pending": [],
          "skipped": [],
          "duration": 7357,
          "root": false,
          "rootEmpty": false,
          "_timeout": 2000
        }
      ],
      "passes": [],
      "failures": [],
      "pending": [],
      "skipped": [],
      "duration": 0,
      "root": true,
      "rootEmpty": true,
      "_timeout": 2000
    }
  ],
  "meta": {
    "mocha": {
      "version": "7.0.1"
    },
    "mochawesome": {
      "options": {
        "quiet": false,
        "reportFilename": "mochawesome",
        "saveHtml": true,
        "saveJson": true,
        "consoleReporter": "spec",
        "useInlineDiffs": false,
        "code": true
      },
      "version": "7.1.3"
    },
    "marge": {
      "options": null,
      "version": "6.2.0"
    }
  }
}